<?xml version="1.0" encoding="UTF-8"?>
<!-- Generated by org.testng.reporters.JUnitReportReporter -->
<testsuite hostname="DESKTOP-2KL9LVJ" failures="0" tests="5" name="org.gff.DriveAcar" time="0.089" errors="0" timestamp="2023-10-26T14:38:36 IST" skipped="1">
  <testcase classname="org.gff.DriveAcar" name="startTheCar" time="0.043"/>
  <system-out/>
  <testcase classname="org.gff.DriveAcar" name="putFirstGear" time="0.005"/>
  <system-out/>
  <testcase classname="org.gff.DriveAcar" name="putThirdGear" time="0.033"/>
  <system-out/>
  <testcase classname="org.gff.DriveAcar" name="putFourthGear" time="0.008"/>
  <system-out/>
  <testcase classname="org.gff.DriveAcar" name="putSecondGear">
    <skipped/>
  </testcase> <!-- putSecondGear -->
  <system-out/>
</testsuite> <!-- org.gff.DriveAcar -->
